xmsadapter/build/intermediates/manifest_merge_blame_file/debug/manifest-merger-blame-debug-report.txt
1<?xml version="1.0" encoding="utf-8"?>
2<manifest xmlns:android="http://schemas.android.com/apk/res/android"
3    package="org.xms" > <!-- For example if you build xmsadapter module and use account kit in your code, the following permission should be added -->
4    <!-- uses-permission android:name="android.permission.MANAGE_ACCOUNTS" -->
5    <uses-sdk
6        android:minSdkVersion="19"
6-->src\main\AndroidManifest.xml
7        android:targetSdkVersion="29" />
7-->src\main\AndroidManifest.xml
8
9</manifest>